<?xml version="1.0" encoding="UTF-8"?>
<!-- Generated by org.testng.reporters.JUnitXMLReporter -->
<testsuite hostname="TAC-45" ignored="3" name="Greetings: Play greeting" tests="3" failures="0" timestamp="24 Apr 2017 23:11:03 GMT" time="60.692" errors="0">
  <testcase name="@BeforeTest setUp" time="0.0" classname="settings.AndroidSettings">
    <failure type="org.openqa.selenium.SessionNotCreatedException" message="Unable to create new remote session. desired capabilities = Capabilities [{appPackage=com.youmail.android.vvm, appActivity=com.youmail.android.vvm.activity.Splash, noReset=true, autoLaunch=true, newCommandTimeout=0, platformVersion=6.0, full-reset=false, browserName=Android, platformName=Android, deviceName=Android, autoAcceptAlerts=true}], required capabilities = Capabilities [{}]
Build info: version: &amp;apos;3.0.1&amp;apos;, revision: &amp;apos;1969d75&amp;apos;, time: &amp;apos;2016-10-18 09:48:19 -0700&amp;apos;
System info: host: &amp;apos;TAC-45&amp;apos;, ip: &amp;apos;10.3.184.68&amp;apos;, os.name: &amp;apos;Windows 10&amp;apos;, os.arch: &amp;apos;amd64&amp;apos;, os.version: &amp;apos;10.0&amp;apos;, java.version: &amp;apos;1.8.0_111&amp;apos;
Driver info: driver.version: AndroidDriver">
      <![CDATA[org.openqa.selenium.SessionNotCreatedException: Unable to create new remote session. desired capabilities = Capabilities [{appPackage=com.youmail.android.vvm, appActivity=com.youmail.android.vvm.activity.Splash, noReset=true, autoLaunch=true, newCommandTimeout=0, platformVersion=6.0, full-reset=false, browserName=Android, platformName=Android, deviceName=Android, autoAcceptAlerts=true}], required capabilities = Capabilities [{}]
Build info: version: '3.0.1', revision: '1969d75', time: '2016-10-18 09:48:19 -0700'
System info: host: 'TAC-45', ip: '10.3.184.68', os.name: 'Windows 10', os.arch: 'amd64', os.version: '10.0', java.version: '1.8.0_111'
Driver info: driver.version: AndroidDriver
	at org.openqa.selenium.remote.ProtocolHandshake.createSession(ProtocolHandshake.java:91)
	at org.openqa.selenium.remote.HttpCommandExecutor.execute(HttpCommandExecutor.java:141)
	at io.appium.java_client.remote.AppiumCommandExecutor.execute(AppiumCommandExecutor.java:69)
	at org.openqa.selenium.remote.RemoteWebDriver.execute(RemoteWebDriver.java:601)
	at io.appium.java_client.DefaultGenericMobileDriver.execute(DefaultGenericMobileDriver.java:40)
	at io.appium.java_client.AppiumDriver.execute(AppiumDriver.java:1)
	at io.appium.java_client.android.AndroidDriver.execute(AndroidDriver.java:1)
	at org.openqa.selenium.remote.RemoteWebDriver.startSession(RemoteWebDriver.java:241)
	at org.openqa.selenium.remote.RemoteWebDriver.<init>(RemoteWebDriver.java:128)
	at org.openqa.selenium.remote.RemoteWebDriver.<init>(RemoteWebDriver.java:141)
	at io.appium.java_client.DefaultGenericMobileDriver.<init>(DefaultGenericMobileDriver.java:36)
	at io.appium.java_client.AppiumDriver.<init>(AppiumDriver.java:114)
	at io.appium.java_client.AppiumDriver.<init>(AppiumDriver.java:132)
	at io.appium.java_client.android.AndroidDriver.<init>(AndroidDriver.java:92)
	at settings.AndroidSettings.setUp(AndroidSettings.java:49)
	at com.intellij.rt.execution.application.AppMain.main(AppMain.java:147)
... Removed 27 stack frames]]>
    </failure>
  </testcase> <!-- @BeforeTest setUp -->
  <testcase name="@AfterTest tearDown" time="0.0" classname="settings.AndroidSettings">
    <skipped/>
  </testcase> <!-- @AfterTest tearDown -->
  <testcase name="openGreetings" time="0.0" classname="tests.GreetingsTest">
    <skipped/>
  </testcase> <!-- openGreetings -->
  <testcase name="openSmartGreeting" time="0.0" classname="tests.GreetingsTest">
    <skipped/>
  </testcase> <!-- openSmartGreeting -->
  <testcase name="playGreeting" time="0.0" classname="tests.GreetingsTest">
    <skipped/>
  </testcase> <!-- playGreeting -->
  <testcase name="setAsMainGreeting" time="0.0" classname="tests.GreetingsTest">
    <ignored/>
  </testcase> <!-- setAsMainGreeting -->
  <testcase name="addContactToGreeting" time="0.0" classname="tests.GreetingsTest">
    <ignored/>
  </testcase> <!-- addContactToGreeting -->
  <testcase name="recordGreeting" time="0.0" classname="tests.GreetingsTest">
    <ignored/>
  </testcase> <!-- recordGreeting -->
</testsuite> <!-- Greetings: Play greeting -->
