<?xml version="1.0" encoding="UTF-8"?>
<!-- Generated by org.testng.reporters.JUnitXMLReporter -->
<testsuite hostname="TAC-45" ignored="3" name="Greetings: Add contact to a greeting" tests="2" failures="0" timestamp="24 Apr 2017 22:44:23 GMT" time="266.088" errors="0">
  <testcase name="openGreetings" time="28.683" classname="tests.GreetingsTest"/>
  <testcase name="addContactToGreeting" time="225.915" classname="tests.GreetingsTest"/>
  <testcase name="openSmartGreeting" time="0.0" classname="tests.GreetingsTest">
    <ignored/>
  </testcase> <!-- openSmartGreeting -->
  <testcase name="recordGreeting" time="0.0" classname="tests.GreetingsTest">
    <ignored/>
  </testcase> <!-- recordGreeting -->
  <testcase name="playGreeting" time="0.0" classname="tests.GreetingsTest">
    <ignored/>
  </testcase> <!-- playGreeting -->
</testsuite> <!-- Greetings: Add contact to a greeting -->
