<?xml version="1.0" encoding="UTF-8"?>
<!-- Generated by org.testng.reporters.JUnitXMLReporter -->
<testsuite hostname="TAC-45" ignored="5" name="Messages: Text sender" tests="2" failures="0" timestamp="11 May 2017 23:47:47 GMT" time="82.941" errors="0">
  <testcase name="openMessage" time="52.056" classname="tests.MessagesTest"/>
  <testcase name="textSender" time="4.246" classname="tests.MessagesTest"/>
  <testcase name="loadMoreMessages" time="0.0" classname="tests.MessagesTest">
    <ignored/>
  </testcase> <!-- loadMoreMessages -->
  <testcase name="ditchSender" time="0.0" classname="tests.MessagesTest">
    <ignored/>
  </testcase> <!-- ditchSender -->
  <testcase name="forwardMessage" time="0.0" classname="tests.MessagesTest">
    <ignored/>
  </testcase> <!-- forwardMessage -->
  <testcase name="playMessage" time="0.0" classname="tests.MessagesTest">
    <ignored/>
  </testcase> <!-- playMessage -->
  <testcase name="callSender" time="0.0" classname="tests.MessagesTest">
    <ignored/>
  </testcase> <!-- callSender -->
</testsuite> <!-- Messages: Text sender -->
