<?xml version="1.0" encoding="UTF-8"?>
<!-- Generated by org.testng.reporters.JUnitXMLReporter -->
<testsuite hostname="TAC-45" ignored="5" name="Messages: Call sender" tests="2" failures="0" timestamp="11 May 2017 23:46:24 GMT" time="101.713" errors="0">
  <testcase name="openMessage" time="54.18" classname="tests.MessagesTest"/>
  <testcase name="callSender" time="21.234" classname="tests.MessagesTest"/>
  <testcase name="loadMoreMessages" time="0.0" classname="tests.MessagesTest">
    <ignored/>
  </testcase> <!-- loadMoreMessages -->
  <testcase name="ditchSender" time="0.0" classname="tests.MessagesTest">
    <ignored/>
  </testcase> <!-- ditchSender -->
  <testcase name="forwardMessage" time="0.0" classname="tests.MessagesTest">
    <ignored/>
  </testcase> <!-- forwardMessage -->
  <testcase name="textSender" time="0.0" classname="tests.MessagesTest">
    <ignored/>
  </testcase> <!-- textSender -->
  <testcase name="playMessage" time="0.0" classname="tests.MessagesTest">
    <ignored/>
  </testcase> <!-- playMessage -->
</testsuite> <!-- Messages: Call sender -->
