<?xml version="1.0" encoding="UTF-8"?>
<!-- Generated by org.testng.reporters.JUnitXMLReporter -->
<testsuite hostname="TAC-45" ignored="5" name="Messages: Play message" tests="2" failures="0" timestamp="12 May 2017 00:40:30 GMT" time="111.763" errors="0">
  <testcase name="openMessage" time="53.614" classname="tests.MessagesTest"/>
  <testcase name="playMessage" time="31.853" classname="tests.MessagesTest"/>
  <testcase name="loadMoreMessages" time="0.0" classname="tests.MessagesTest">
    <ignored/>
  </testcase> <!-- loadMoreMessages -->
  <testcase name="ditchSender" time="0.0" classname="tests.MessagesTest">
    <ignored/>
  </testcase> <!-- ditchSender -->
  <testcase name="forwardMessage" time="0.0" classname="tests.MessagesTest">
    <ignored/>
  </testcase> <!-- forwardMessage -->
  <testcase name="textSender" time="0.0" classname="tests.MessagesTest">
    <ignored/>
  </testcase> <!-- textSender -->
  <testcase name="callSender" time="0.0" classname="tests.MessagesTest">
    <ignored/>
  </testcase> <!-- callSender -->
</testsuite> <!-- Messages: Play message -->
