<?xml version="1.0" encoding="UTF-8"?>
<!-- Generated by org.testng.reporters.JUnitXMLReporter -->
<testsuite hostname="TAC-45" ignored="6" name="Messages: Load More messages" tests="1" failures="0" timestamp="11 May 2017 23:42:36 GMT" time="49.602" errors="0">
  <testcase name="loadMoreMessages" time="23.145" classname="tests.MessagesTest"/>
  <testcase name="openMessage" time="0.0" classname="tests.MessagesTest">
    <ignored/>
  </testcase> <!-- openMessage -->
  <testcase name="ditchSender" time="0.0" classname="tests.MessagesTest">
    <ignored/>
  </testcase> <!-- ditchSender -->
  <testcase name="forwardMessage" time="0.0" classname="tests.MessagesTest">
    <ignored/>
  </testcase> <!-- forwardMessage -->
  <testcase name="textSender" time="0.0" classname="tests.MessagesTest">
    <ignored/>
  </testcase> <!-- textSender -->
  <testcase name="playMessage" time="0.0" classname="tests.MessagesTest">
    <ignored/>
  </testcase> <!-- playMessage -->
  <testcase name="callSender" time="0.0" classname="tests.MessagesTest">
    <ignored/>
  </testcase> <!-- callSender -->
</testsuite> <!-- Messages: Load More messages -->
