<?xml version="1.0" encoding="UTF-8"?>
<!-- Generated by org.testng.reporters.JUnitXMLReporter -->
<testsuite hostname="TAC-45" ignored="5" name="Messages: Forward message" tests="2" failures="0" timestamp="12 May 2017 00:45:04 GMT" time="87.044" errors="0">
  <testcase name="openMessage" time="52.122" classname="tests.MessagesTest"/>
  <testcase name="forwardMessage" time="8.696" classname="tests.MessagesTest"/>
  <testcase name="loadMoreMessages" time="0.0" classname="tests.MessagesTest">
    <ignored/>
  </testcase> <!-- loadMoreMessages -->
  <testcase name="ditchSender" time="0.0" classname="tests.MessagesTest">
    <ignored/>
  </testcase> <!-- ditchSender -->
  <testcase name="textSender" time="0.0" classname="tests.MessagesTest">
    <ignored/>
  </testcase> <!-- textSender -->
  <testcase name="playMessage" time="0.0" classname="tests.MessagesTest">
    <ignored/>
  </testcase> <!-- playMessage -->
  <testcase name="callSender" time="0.0" classname="tests.MessagesTest">
    <ignored/>
  </testcase> <!-- callSender -->
</testsuite> <!-- Messages: Forward message -->
