<?xml version="1.0" encoding="UTF-8"?>
<!-- Generated by org.testng.reporters.JUnitXMLReporter -->
<testsuite hostname="TAC-45" ignored="5" name="Greetings: Delete recorded greeting" tests="3" failures="0" timestamp="12 May 2017 00:04:30 GMT" time="59.447" errors="0">
  <testcase name="openGreetings" time="28.663" classname="tests.GreetingsTest"/>
  <testcase name="openTestGreeting" time="3.068" classname="tests.GreetingsTest"/>
  <testcase name="deleteGreeting" time="1.176" classname="tests.GreetingsTest"/>
  <testcase name="openSmartGreeting" time="0.0" classname="tests.GreetingsTest">
    <ignored/>
  </testcase> <!-- openSmartGreeting -->
  <testcase name="setAsMainGreeting" time="0.0" classname="tests.GreetingsTest">
    <ignored/>
  </testcase> <!-- setAsMainGreeting -->
  <testcase name="addContactToGreeting" time="0.0" classname="tests.GreetingsTest">
    <ignored/>
  </testcase> <!-- addContactToGreeting -->
  <testcase name="recordGreeting" time="0.0" classname="tests.GreetingsTest">
    <ignored/>
  </testcase> <!-- recordGreeting -->
  <testcase name="playGreeting" time="0.0" classname="tests.GreetingsTest">
    <ignored/>
  </testcase> <!-- playGreeting -->
</testsuite> <!-- Greetings: Delete recorded greeting -->
