<?xml version="1.0" encoding="UTF-8"?>
<!-- Generated by org.testng.reporters.JUnitXMLReporter -->
<testsuite hostname="TAC-45" ignored="6" name="Greetings: Set as a main greeting" tests="2" failures="0" timestamp="12 May 2017 00:03:31 GMT" time="61.543" errors="0">
  <testcase name="openGreetings" time="29.849" classname="tests.GreetingsTest"/>
  <testcase name="setAsMainGreeting" time="3.943" classname="tests.GreetingsTest"/>
  <testcase name="openSmartGreeting" time="0.0" classname="tests.GreetingsTest">
    <ignored/>
  </testcase> <!-- openSmartGreeting -->
  <testcase name="openTestGreeting" time="0.0" classname="tests.GreetingsTest">
    <ignored/>
  </testcase> <!-- openTestGreeting -->
  <testcase name="addContactToGreeting" time="0.0" classname="tests.GreetingsTest">
    <ignored/>
  </testcase> <!-- addContactToGreeting -->
  <testcase name="recordGreeting" time="0.0" classname="tests.GreetingsTest">
    <ignored/>
  </testcase> <!-- recordGreeting -->
  <testcase name="deleteGreeting" time="0.0" classname="tests.GreetingsTest">
    <ignored/>
  </testcase> <!-- deleteGreeting -->
  <testcase name="playGreeting" time="0.0" classname="tests.GreetingsTest">
    <ignored/>
  </testcase> <!-- playGreeting -->
</testsuite> <!-- Greetings: Set as a main greeting -->
