<?xml version="1.0" encoding="UTF-8"?>
<!-- Generated by org.testng.reporters.JUnitXMLReporter -->
<testsuite hostname="TAC-45" ignored="5" name="Greetings: Play greeting" tests="3" failures="0" timestamp="11 May 2017 23:57:27 GMT" time="67.925" errors="0">
  <testcase name="openGreetings" time="30.097" classname="tests.GreetingsTest"/>
  <testcase name="openSmartGreeting" time="2.107" classname="tests.GreetingsTest"/>
  <testcase name="playGreeting" time="9.328" classname="tests.GreetingsTest"/>
  <testcase name="openTestGreeting" time="0.0" classname="tests.GreetingsTest">
    <ignored/>
  </testcase> <!-- openTestGreeting -->
  <testcase name="setAsMainGreeting" time="0.0" classname="tests.GreetingsTest">
    <ignored/>
  </testcase> <!-- setAsMainGreeting -->
  <testcase name="addContactToGreeting" time="0.0" classname="tests.GreetingsTest">
    <ignored/>
  </testcase> <!-- addContactToGreeting -->
  <testcase name="recordGreeting" time="0.0" classname="tests.GreetingsTest">
    <ignored/>
  </testcase> <!-- recordGreeting -->
  <testcase name="deleteGreeting" time="0.0" classname="tests.GreetingsTest">
    <ignored/>
  </testcase> <!-- deleteGreeting -->
</testsuite> <!-- Greetings: Play greeting -->
