<?xml version="1.0" encoding="UTF-8"?>
<!-- Generated by org.testng.reporters.JUnitXMLReporter -->
<testsuite hostname="TAC-45" ignored="6" name="Greetings: Record a greeting" tests="2" failures="0" timestamp="11 May 2017 23:59:35 GMT" time="128.147" errors="0">
  <testcase name="openGreetings" time="29.636" classname="tests.GreetingsTest"/>
  <testcase name="recordGreeting" time="71.94" classname="tests.GreetingsTest"/>
  <testcase name="openSmartGreeting" time="0.0" classname="tests.GreetingsTest">
    <ignored/>
  </testcase> <!-- openSmartGreeting -->
  <testcase name="openTestGreeting" time="0.0" classname="tests.GreetingsTest">
    <ignored/>
  </testcase> <!-- openTestGreeting -->
  <testcase name="setAsMainGreeting" time="0.0" classname="tests.GreetingsTest">
    <ignored/>
  </testcase> <!-- setAsMainGreeting -->
  <testcase name="addContactToGreeting" time="0.0" classname="tests.GreetingsTest">
    <ignored/>
  </testcase> <!-- addContactToGreeting -->
  <testcase name="deleteGreeting" time="0.0" classname="tests.GreetingsTest">
    <ignored/>
  </testcase> <!-- deleteGreeting -->
  <testcase name="playGreeting" time="0.0" classname="tests.GreetingsTest">
    <ignored/>
  </testcase> <!-- playGreeting -->
</testsuite> <!-- Greetings: Record a greeting -->
