<?xml version="1.0" encoding="UTF-8"?>
<!-- Generated by org.testng.reporters.JUnitXMLReporter -->
<testsuite hostname="TAC-45" ignored="2" name="Greetings: Play greeting" tests="3" failures="0" timestamp="24 Apr 2017 20:55:13 GMT" time="51.557" errors="0">
  <testcase name="openGreetings" time="27.187" classname="tests.GreetingsTest"/>
  <testcase name="openSmartGreeting" time="3.532" classname="tests.GreetingsTest"/>
  <testcase name="playGreeting" time="9.402" classname="tests.GreetingsTest"/>
  <testcase name="addContactToGreeting" time="0.0" classname="tests.GreetingsTest">
    <ignored/>
  </testcase> <!-- addContactToGreeting -->
  <testcase name="recordGreeting" time="0.0" classname="tests.GreetingsTest">
    <ignored/>
  </testcase> <!-- recordGreeting -->
</testsuite> <!-- Greetings: Play greeting -->
