<?xml version="1.0" encoding="UTF-8"?>
<!-- Generated by org.testng.reporters.JUnitXMLReporter -->
<testsuite hostname="TAC-45" ignored="3" name="Greetings: Record a greeting" tests="2" failures="0" timestamp="24 Apr 2017 20:56:49 GMT" time="95.965" errors="0">
  <testcase name="openGreetings" time="26.488" classname="tests.GreetingsTest"/>
  <testcase name="recordGreeting" time="57.649" classname="tests.GreetingsTest"/>
  <testcase name="openSmartGreeting" time="0.0" classname="tests.GreetingsTest">
    <ignored/>
  </testcase> <!-- openSmartGreeting -->
  <testcase name="addContactToGreeting" time="0.0" classname="tests.GreetingsTest">
    <ignored/>
  </testcase> <!-- addContactToGreeting -->
  <testcase name="playGreeting" time="0.0" classname="tests.GreetingsTest">
    <ignored/>
  </testcase> <!-- playGreeting -->
</testsuite> <!-- Greetings: Record a greeting -->
