<?xml version="1.0" encoding="UTF-8"?>
<!-- Generated by org.testng.reporters.JUnitXMLReporter -->
<testsuite hostname="TAC-45" ignored="4" name="Contacts: Call contact" tests="3" failures="0" timestamp="12 May 2017 00:05:33 GMT" time="63.037" errors="0">
  <testcase name="openContacts" time="31.046" classname="tests.ContactsTest"/>
  <testcase name="openTargetContact" time="0.396" classname="tests.ContactsTest"/>
  <testcase name="callContact" time="5.287" classname="tests.ContactsTest"/>
  <testcase name="textContact" time="0.0" classname="tests.ContactsTest">
    <ignored/>
  </testcase> <!-- textContact -->
  <testcase name="ditchContact" time="0.0" classname="tests.ContactsTest">
    <ignored/>
  </testcase> <!-- ditchContact -->
  <testcase name="createContact" time="0.0" classname="tests.ContactsTest">
    <ignored/>
  </testcase> <!-- createContact -->
  <testcase name="dropVmToContact" time="0.0" classname="tests.ContactsTest">
    <ignored/>
  </testcase> <!-- dropVmToContact -->
</testsuite> <!-- Contacts: Call contact -->
