<?xml version="1.0" encoding="UTF-8"?>
<!-- Generated by org.testng.reporters.JUnitXMLReporter -->
<testsuite hostname="TAC-45" ignored="3" name="History: Forward entry" tests="2" failures="0" timestamp="11 May 2017 23:54:36 GMT" time="57.66" errors="0">
  <testcase name="openEntry" time="30.999" classname="tests.HistoryTest"/>
  <testcase name="forwardEntry" time="1.349" classname="tests.HistoryTest"/>
  <testcase name="ditchEntry" time="0.0" classname="tests.HistoryTest">
    <ignored/>
  </testcase> <!-- ditchEntry -->
  <testcase name="callEntry" time="0.0" classname="tests.HistoryTest">
    <ignored/>
  </testcase> <!-- callEntry -->
  <testcase name="textEntry" time="0.0" classname="tests.HistoryTest">
    <ignored/>
  </testcase> <!-- textEntry -->
</testsuite> <!-- History: Forward entry -->
