<?xml version="1.0" encoding="UTF-8"?>
<!-- Generated by org.testng.reporters.JUnitXMLReporter -->
<testsuite hostname="TAC-45" ignored="3" name="History: Ditch entry" tests="2" failures="0" timestamp="12 May 2017 00:52:08 GMT" time="102.915" errors="0">
  <testcase name="openEntry" time="30.234" classname="tests.HistoryTest"/>
  <testcase name="ditchEntry" time="46.353" classname="tests.HistoryTest"/>
  <testcase name="forwardEntry" time="0.0" classname="tests.HistoryTest">
    <ignored/>
  </testcase> <!-- forwardEntry -->
  <testcase name="callEntry" time="0.0" classname="tests.HistoryTest">
    <ignored/>
  </testcase> <!-- callEntry -->
  <testcase name="textEntry" time="0.0" classname="tests.HistoryTest">
    <ignored/>
  </testcase> <!-- textEntry -->
</testsuite> <!-- History: Ditch entry -->
