<?xml version="1.0" encoding="UTF-8"?>
<!-- Generated by org.testng.reporters.JUnitXMLReporter -->
<testsuite hostname="TAC-45" ignored="3" name="History: Call entry" tests="2" failures="0" timestamp="12 May 2017 00:48:28 GMT" time="75.176" errors="0">
  <testcase name="openEntry" time="30.103" classname="tests.HistoryTest"/>
  <testcase name="callEntry" time="19.288" classname="tests.HistoryTest"/>
  <testcase name="ditchEntry" time="0.0" classname="tests.HistoryTest">
    <ignored/>
  </testcase> <!-- ditchEntry -->
  <testcase name="forwardEntry" time="0.0" classname="tests.HistoryTest">
    <ignored/>
  </testcase> <!-- forwardEntry -->
  <testcase name="textEntry" time="0.0" classname="tests.HistoryTest">
    <ignored/>
  </testcase> <!-- textEntry -->
</testsuite> <!-- History: Call entry -->
