<?xml version="1.0" encoding="UTF-8"?>
<!-- Generated by org.testng.reporters.JUnitXMLReporter -->
<testsuite hostname="TAC-45" ignored="3" name="History: Text entry" tests="2" failures="0" timestamp="11 May 2017 23:53:38 GMT" time="59.296" errors="0">
  <testcase name="openEntry" time="30.129" classname="tests.HistoryTest"/>
  <testcase name="textEntry" time="2.348" classname="tests.HistoryTest"/>
  <testcase name="ditchEntry" time="0.0" classname="tests.HistoryTest">
    <ignored/>
  </testcase> <!-- ditchEntry -->
  <testcase name="forwardEntry" time="0.0" classname="tests.HistoryTest">
    <ignored/>
  </testcase> <!-- forwardEntry -->
  <testcase name="callEntry" time="0.0" classname="tests.HistoryTest">
    <ignored/>
  </testcase> <!-- callEntry -->
</testsuite> <!-- History: Text entry -->
