<?xml version="1.0" encoding="UTF-8"?>
<!-- Generated by org.testng.reporters.JUnitXMLReporter -->
<testsuite hostname="TAC-45" ignored="3" name="History: Call entry" tests="2" failures="0" timestamp="11 May 2017 23:52:39 GMT" time="76.174" errors="0">
  <testcase name="openEntry" time="30.902" classname="tests.HistoryTest"/>
  <testcase name="callEntry" time="19.45" classname="tests.HistoryTest"/>
  <testcase name="ditchEntry" time="0.0" classname="tests.HistoryTest">
    <ignored/>
  </testcase> <!-- ditchEntry -->
  <testcase name="forwardEntry" time="0.0" classname="tests.HistoryTest">
    <ignored/>
  </testcase> <!-- forwardEntry -->
  <testcase name="textEntry" time="0.0" classname="tests.HistoryTest">
    <ignored/>
  </testcase> <!-- textEntry -->
</testsuite> <!-- History: Call entry -->
