<?xml version="1.0" encoding="UTF-8"?>
<!-- Generated by org.testng.reporters.JUnitXMLReporter -->
<testsuite hostname="TAC-45" ignored="3" name="History: Text entry" tests="2" failures="0" timestamp="12 May 2017 00:49:27 GMT" time="59.561" errors="0">
  <testcase name="openEntry" time="29.735" classname="tests.HistoryTest"/>
  <testcase name="textEntry" time="3.584" classname="tests.HistoryTest"/>
  <testcase name="ditchEntry" time="0.0" classname="tests.HistoryTest">
    <ignored/>
  </testcase> <!-- ditchEntry -->
  <testcase name="forwardEntry" time="0.0" classname="tests.HistoryTest">
    <ignored/>
  </testcase> <!-- forwardEntry -->
  <testcase name="callEntry" time="0.0" classname="tests.HistoryTest">
    <ignored/>
  </testcase> <!-- callEntry -->
</testsuite> <!-- History: Text entry -->
