<?xml version="1.0" encoding="UTF-8"?>
<!-- Generated by org.testng.reporters.JUnitXMLReporter -->
<testsuite hostname="TAC-45" ignored="1" name="Sign In" tests="2" failures="0" timestamp="11 May 2017 23:41:47 GMT" time="234.465" errors="0">
  <testcase name="signInPositive" time="62.162" classname="tests.SignInTest"/>
  <testcase name="waitForContactUpload" time="145.595" classname="tests.SignInTest"/>
  <testcase name="signInNegative" time="0.0" classname="tests.SignInTest">
    <ignored/>
  </testcase> <!-- signInNegative -->
</testsuite> <!-- Sign In -->
